<?xml version="1.0" encoding="UTF-8"?>
<!-- Generated by org.testng.reporters.JUnitReportReporter -->
<testsuite hostname="DESKTOP-LMKUKFJ" failures="0" tests="28" name="freedodomain.appium_1" time="618.473" errors="1" timestamp="2023-11-28T14:30:45 IST" skipped="0">
  <testcase classname="freedodomain.appium_1" name="TC_0024_Verify_home_page_all_elements" time="30.161"/>
  <system-out/>
  <testcase classname="freedodomain.appium_1" name="TC_0025_Verify_available_all_bikes" time="21.674"/>
  <system-out/>
  <testcase classname="freedodomain.appium_1" name="TC_0026_Verify_available_all_Scooters" time="5.144"/>
  <system-out/>
  <testcase classname="freedodomain.appium_1" name="TC_0027_Verify_homepage_bike_rentals_tab_available_bike" time="22.203"/>
  <system-out/>
  <testcase classname="freedodomain.appium_1" name="TC_0028_Verify_Rent_tab_all_elements" time="14.808"/>
  <system-out/>
  <testcase classname="freedodomain.appium_1" name="TC_0029_Verify_freedo_rental_icon" time="4.739"/>
  <system-out/>
  <testcase classname="freedodomain.appium_1" name="TC_0030_Verify_more_button_all_elements" time="27.328"/>
  <system-out/>
  <testcase classname="freedodomain.appium_1" name="TC_0031_Verify_Booking_elements" time="19.711"/>
  <system-out/>
  <testcase classname="freedodomain.appium_1" name="TC_0032_Verify_change_city" time="18.883"/>
  <system-out/>
  <testcase classname="freedodomain.appium_1" name="TC_0033_Verify_Bike_button_on_homepage" time="16.995"/>
  <system-out/>
  <testcase classname="freedodomain.appium_1" name="TC_0034_Verify_scooter_button_on_homepage" time="15.608"/>
  <system-out/>
  <testcase classname="freedodomain.appium_1" name="TC_0035_Verify_user_able_to_select_date_and_package_under_booking" time="27.323"/>
  <system-out/>
  <testcase classname="freedodomain.appium_1" name="TC_0036_Verify_booking_details_page_all_elements" time="29.342"/>
  <system-out/>
  <testcase classname="freedodomain.appium_1" name="TC_0037_Verify_user_able_to_select_home_delivery" time="79.389"/>
  <system-out/>
  <testcase classname="freedodomain.appium_1" name="TC_0038_Verify_user_able_to_select_time_slot_afternoon" time="44.899"/>
  <system-out/>
  <testcase classname="freedodomain.appium_1" name="TC_0039_Verify_user_able_to_select_time_slot_Evening" time="4.779"/>
  <system-out/>
  <testcase classname="freedodomain.appium_1" name="TC_0040_Verify_user_able_to_select_time_slot_Morning" time="4.566"/>
  <system-out/>
  <testcase classname="freedodomain.appium_1" name="TC_0041_Verify_user_able_to_click_list_button" time="3.184"/>
  <system-out/>
  <testcase classname="freedodomain.appium_1" name="TC_0042_Verify_select_city" time="19.611"/>
  <system-out/>
  <testcase classname="freedodomain.appium_1" name="TC_0043_Verify_continue_button_and_summary_page" time="68.065"/>
  <system-out/>
  <testcase classname="freedodomain.appium_1" name="TC_0044_Verify_summary_page_additional_helmet_charges" time="17.896"/>
  <system-out/>
  <testcase classname="freedodomain.appium_1" name="TC_0045_Verify_summary_page_coupon_code" time="16.892"/>
  <system-out/>
  <testcase classname="freedodomain.appium_1" name="TC_0046_Verify_summary_page_cash_on_delivery_method" time="5.212"/>
  <system-out/>
  <testcase classname="freedodomain.appium_1" name="TC_0047_Verify_summary_page_pay_now_button_status" time="2.072"/>
  <system-out/>
  <testcase classname="freedodomain.appium_1" name="TC_0048_Verify_summary_page_pay_now_button" time="22.382"/>
  <system-out/>
  <testcase classname="freedodomain.appium_1" name="TC_0049_Verify_user_able_to_make_payment" time="32.090"/>
  <system-out/>
  <testcase classname="freedodomain.appium_1" name="TC_0050_Verify_user_able_to_view_booking_status" time="5.975"/>
  <system-out/>
  <testcase classname="freedodomain.appium_1" name="TC_0051_Verify_user_able_to_view_booking_status_all_elements" time="37.542">
    <error message="An element could not be located on the page using the given search parameters.
For documentation on this error, please visit: https://www.selenium.dev/documentation/webdriver/troubleshooting/errors#no-such-element-exception
Build info: version: &#039;4.12.0&#039;, revision: &#039;249f2a7d1b*&#039;
System info: os.name: &#039;Windows 10&#039;, os.arch: &#039;amd64&#039;, os.version: &#039;10.0&#039;, java.version: &#039;17.0.6&#039;
Driver info: io.appium.java_client.android.AndroidDriver
Command: [37c1c01a-0ebc-4d04-9468-ca6e1f5ab065, findElement {using=-android uiautomator, value=new UiScrollable(new UiSelector().scrollable(true).instance(0)).scrollIntoView(new UiSelector().textMatches(&quot;Invoice&quot;).instance(0));}]
Capabilities {appium:app: C:\Users\QA\Documents\GitHu..., appium:appActivity: com.heerofreedo.MainActivity, appium:appPackage: com.heerofreedo, appium:automationName: uiautomator2, appium:avd: Pixel_6, appium:avdLaunchTimeout: 600000, appium:databaseEnabled: false, appium:desired: {app: C:\Users\QA\Documents\GitHu..., appActivity: com.heerofreedo.MainActivity, appPackage: com.heerofreedo, automationName: uiautomator2, avd: Pixel_6, avdLaunchTimeout: 600000, deviceName: pixel_6, ensureWebviewsHavePages: true, nativeWebScreenshot: true, newCommandTimeout: 66000, noReset: false, platformName: ANDROID, udid: emulator-5554}, appium:deviceApiLevel: 33, appium:deviceManufacturer: Google, appium:deviceModel: sdk_gphone64_x86_64, appium:deviceName: emulator-5554, appium:deviceScreenDensity: 560, appium:deviceScreenSize: 1440x3120, appium:deviceUDID: emulator-5554, appium:ensureWebviewsHavePages: true, appium:javascriptEnabled: true, appium:locationContextEnabled: false, appium:nativeWebScreenshot: true, appium:networkConnectionEnabled: true, appium:newCommandTimeout: 66000, appium:noReset: false, appium:pixelRatio: 3.5, appium:platformVersion: 13, appium:statBarHeight: 84, appium:takesScreenshot: true, appium:udid: emulator-5554, appium:viewportRect: {height: 2868, left: 0, top: 84, width: 1440}, appium:warnings: {}, appium:webStorageEnabled: false, platformName: ANDROID}
Session ID: 37c1c01a-0ebc-4d04-9468-ca6e1f5ab065" type="org.openqa.selenium.NoSuchElementException">
      <![CDATA[org.openqa.selenium.NoSuchElementException: An element could not be located on the page using the given search parameters.
For documentation on this error, please visit: https://www.selenium.dev/documentation/webdriver/troubleshooting/errors#no-such-element-exception
Build info: version: '4.12.0', revision: '249f2a7d1b*'
System info: os.name: 'Windows 10', os.arch: 'amd64', os.version: '10.0', java.version: '17.0.6'
Driver info: io.appium.java_client.android.AndroidDriver
Command: [37c1c01a-0ebc-4d04-9468-ca6e1f5ab065, findElement {using=-android uiautomator, value=new UiScrollable(new UiSelector().scrollable(true).instance(0)).scrollIntoView(new UiSelector().textMatches("Invoice").instance(0));}]
Capabilities {appium:app: C:\Users\QA\Documents\GitHu..., appium:appActivity: com.heerofreedo.MainActivity, appium:appPackage: com.heerofreedo, appium:automationName: uiautomator2, appium:avd: Pixel_6, appium:avdLaunchTimeout: 600000, appium:databaseEnabled: false, appium:desired: {app: C:\Users\QA\Documents\GitHu..., appActivity: com.heerofreedo.MainActivity, appPackage: com.heerofreedo, automationName: uiautomator2, avd: Pixel_6, avdLaunchTimeout: 600000, deviceName: pixel_6, ensureWebviewsHavePages: true, nativeWebScreenshot: true, newCommandTimeout: 66000, noReset: false, platformName: ANDROID, udid: emulator-5554}, appium:deviceApiLevel: 33, appium:deviceManufacturer: Google, appium:deviceModel: sdk_gphone64_x86_64, appium:deviceName: emulator-5554, appium:deviceScreenDensity: 560, appium:deviceScreenSize: 1440x3120, appium:deviceUDID: emulator-5554, appium:ensureWebviewsHavePages: true, appium:javascriptEnabled: true, appium:locationContextEnabled: false, appium:nativeWebScreenshot: true, appium:networkConnectionEnabled: true, appium:newCommandTimeout: 66000, appium:noReset: false, appium:pixelRatio: 3.5, appium:platformVersion: 13, appium:statBarHeight: 84, appium:takesScreenshot: true, appium:udid: emulator-5554, appium:viewportRect: {height: 2868, left: 0, top: 84, width: 1440}, appium:warnings: {}, appium:webStorageEnabled: false, platformName: ANDROID}
Session ID: 37c1c01a-0ebc-4d04-9468-ca6e1f5ab065
at jdk.internal.reflect.GeneratedConstructorAccessor24.newInstance(Unknown Source)
at java.base/jdk.internal.reflect.DelegatingConstructorAccessorImpl.newInstance(DelegatingConstructorAccessorImpl.java:45)
at java.base/java.lang.reflect.Constructor.newInstanceWithCaller(Constructor.java:499)
at java.base/java.lang.reflect.Constructor.newInstance(Constructor.java:480)
at org.openqa.selenium.remote.codec.w3c.W3CHttpResponseCodec.createException(W3CHttpResponseCodec.java:200)
at org.openqa.selenium.remote.codec.w3c.W3CHttpResponseCodec.decode(W3CHttpResponseCodec.java:133)
at org.openqa.selenium.remote.codec.w3c.W3CHttpResponseCodec.decode(W3CHttpResponseCodec.java:52)
at org.openqa.selenium.remote.HttpCommandExecutor.execute(HttpCommandExecutor.java:191)
at io.appium.java_client.remote.AppiumCommandExecutor.execute(AppiumCommandExecutor.java:250)
at org.openqa.selenium.remote.RemoteWebDriver.execute(RemoteWebDriver.java:602)
at org.openqa.selenium.remote.ElementLocation$ElementFinder$2.findElement(ElementLocation.java:165)
at org.openqa.selenium.remote.ElementLocation.findElement(ElementLocation.java:59)
at org.openqa.selenium.remote.RemoteWebDriver.findElement(RemoteWebDriver.java:359)
at org.openqa.selenium.remote.RemoteWebDriver.findElement(RemoteWebDriver.java:353)
at com.utility.BaseClass.scrollByText(BaseClass.java:194)
at com.pageobject.BookingPage.verifyPriceBreakup(BookingPage.java:2306)
at freedodomain.appium_1.TC_0051_Verify_user_able_to_view_booking_status_all_elements(appium_1.java:293)
at java.base/jdk.internal.reflect.NativeMethodAccessorImpl.invoke0(Native Method)
at java.base/jdk.internal.reflect.NativeMethodAccessorImpl.invoke(NativeMethodAccessorImpl.java:77)
at java.base/jdk.internal.reflect.DelegatingMethodAccessorImpl.invoke(DelegatingMethodAccessorImpl.java:43)
at java.base/java.lang.reflect.Method.invoke(Method.java:568)
at org.testng.internal.MethodInvocationHelper.invokeMethod(MethodInvocationHelper.java:133)
at org.testng.internal.TestInvoker.invokeMethod(TestInvoker.java:598)
at org.testng.internal.TestInvoker.invokeTestMethod(TestInvoker.java:173)
at org.testng.internal.MethodRunner.runInSequence(MethodRunner.java:46)
at org.testng.internal.TestInvoker$MethodInvocationAgent.invoke(TestInvoker.java:824)
at org.testng.internal.TestInvoker.invokeTestMethods(TestInvoker.java:146)
at org.testng.internal.TestMethodWorker.invokeTestMethods(TestMethodWorker.java:146)
at org.testng.internal.TestMethodWorker.run(TestMethodWorker.java:128)
at java.base/java.util.ArrayList.forEach(ArrayList.java:1511)
at org.testng.TestRunner.privateRun(TestRunner.java:794)
at org.testng.TestRunner.run(TestRunner.java:596)
at org.testng.SuiteRunner.runTest(SuiteRunner.java:377)
at org.testng.SuiteRunner.runSequentially(SuiteRunner.java:371)
at org.testng.SuiteRunner.privateRun(SuiteRunner.java:332)
at org.testng.SuiteRunner.run(SuiteRunner.java:276)
at org.testng.SuiteRunnerWorker.runSuite(SuiteRunnerWorker.java:53)
at org.testng.SuiteRunnerWorker.run(SuiteRunnerWorker.java:96)
at org.testng.TestNG.runSuitesSequentially(TestNG.java:1212)
at org.testng.TestNG.runSuitesLocally(TestNG.java:1134)
at org.testng.TestNG.runSuites(TestNG.java:1063)
at org.testng.TestNG.run(TestNG.java:1031)
at org.testng.remote.AbstractRemoteTestNG.run(AbstractRemoteTestNG.java:115)
at org.testng.remote.RemoteTestNG.initAndRun(RemoteTestNG.java:251)
at org.testng.remote.RemoteTestNG.main(RemoteTestNG.java:77)
]]>
    </error>
  </testcase> <!-- TC_0051_Verify_user_able_to_view_booking_status_all_elements -->
  <system-out/>
</testsuite> <!-- freedodomain.appium_1 -->
