<?xml version="1.0" encoding="UTF-8"?>
<!-- Generated by org.testng.reporters.JUnitReportReporter -->
<testsuite hostname="DESKTOP-LMKUKFJ" failures="0" tests="24" name="freedodomain.appium_0" time="0.001" errors="1" timestamp="2023-11-16T21:09:11 IST" skipped="23">
  <testcase classname="freedodomain.appium_0" name="logger" time="0.001">
    <error message="Cannot invoke &quot;org.apache.logging.log4j.Logger.info(String)&quot; because &quot;com.utility.BaseClass.log&quot; is null" type="java.lang.NullPointerException">
      <![CDATA[java.lang.NullPointerException: Cannot invoke "org.apache.logging.log4j.Logger.info(String)" because "com.utility.BaseClass.log" is null
at com.utility.BaseClass.logger(BaseClass.java:233)
at java.base/jdk.internal.reflect.NativeMethodAccessorImpl.invoke0(Native Method)
at java.base/jdk.internal.reflect.NativeMethodAccessorImpl.invoke(NativeMethodAccessorImpl.java:77)
at java.base/jdk.internal.reflect.DelegatingMethodAccessorImpl.invoke(DelegatingMethodAccessorImpl.java:43)
at java.base/java.lang.reflect.Method.invoke(Method.java:568)
at org.testng.internal.MethodInvocationHelper.invokeMethod(MethodInvocationHelper.java:133)
at org.testng.internal.MethodInvocationHelper.invokeMethodConsideringTimeout(MethodInvocationHelper.java:62)
at org.testng.internal.ConfigInvoker.invokeConfigurationMethod(ConfigInvoker.java:385)
at org.testng.internal.ConfigInvoker.invokeConfigurations(ConfigInvoker.java:321)
at org.testng.internal.TestInvoker.runConfigMethods(TestInvoker.java:700)
at org.testng.internal.TestInvoker.invokeMethod(TestInvoker.java:527)
at org.testng.internal.TestInvoker.invokeTestMethod(TestInvoker.java:173)
at org.testng.internal.MethodRunner.runInSequence(MethodRunner.java:46)
at org.testng.internal.TestInvoker$MethodInvocationAgent.invoke(TestInvoker.java:824)
at org.testng.internal.TestInvoker.invokeTestMethods(TestInvoker.java:146)
at org.testng.internal.TestMethodWorker.invokeTestMethods(TestMethodWorker.java:146)
at org.testng.internal.TestMethodWorker.run(TestMethodWorker.java:128)
at java.base/java.util.ArrayList.forEach(ArrayList.java:1511)
at org.testng.TestRunner.privateRun(TestRunner.java:794)
at org.testng.TestRunner.run(TestRunner.java:596)
at org.testng.SuiteRunner.runTest(SuiteRunner.java:377)
at org.testng.SuiteRunner.runSequentially(SuiteRunner.java:371)
at org.testng.SuiteRunner.privateRun(SuiteRunner.java:332)
at org.testng.SuiteRunner.run(SuiteRunner.java:276)
at org.testng.SuiteRunnerWorker.runSuite(SuiteRunnerWorker.java:53)
at org.testng.SuiteRunnerWorker.run(SuiteRunnerWorker.java:96)
at org.testng.TestNG.runSuitesSequentially(TestNG.java:1212)
at org.testng.TestNG.runSuitesLocally(TestNG.java:1134)
at org.testng.TestNG.runSuites(TestNG.java:1063)
at org.testng.TestNG.run(TestNG.java:1031)
at org.testng.remote.AbstractRemoteTestNG.run(AbstractRemoteTestNG.java:115)
at org.testng.remote.RemoteTestNG.initAndRun(RemoteTestNG.java:251)
at org.testng.remote.RemoteTestNG.main(RemoteTestNG.java:77)
]]>
    </error>
  </testcase> <!-- logger -->
  <system-out/>
  <testcase classname="freedodomain.appium_0" name="TC_001_verify_install_apk" time="0.000">
    <skipped/>
  </testcase> <!-- TC_001_verify_install_apk -->
  <system-out/>
  <testcase classname="freedodomain.appium_0" name="TC_002_verify_select_pickup_location_date_and_packages" time="0.000">
    <skipped/>
  </testcase> <!-- TC_002_verify_select_pickup_location_date_and_packages -->
  <system-out/>
  <testcase classname="freedodomain.appium_0" name="TC_003_Verify_the_NEXT_button_clicking" time="0.000">
    <skipped/>
  </testcase> <!-- TC_003_Verify_the_NEXT_button_clicking -->
  <system-out/>
  <testcase classname="freedodomain.appium_0" name="TC_004_Verify_the_NEXT_button_clicking" time="0.000">
    <skipped/>
  </testcase> <!-- TC_004_Verify_the_NEXT_button_clicking -->
  <system-out/>
  <testcase classname="freedodomain.appium_0" name="TC_005_Verify_the_slide_indicator" time="0.000">
    <skipped/>
  </testcase> <!-- TC_005_Verify_the_slide_indicator -->
  <system-out/>
  <testcase classname="freedodomain.appium_0" name="TC_006_Verify_the_Done_button_clicking" time="0.000">
    <skipped/>
  </testcase> <!-- TC_006_Verify_the_Done_button_clicking -->
  <system-out/>
  <testcase classname="freedodomain.appium_0" name="TC_007_Verify_login_component" time="0.000">
    <skipped/>
  </testcase> <!-- TC_007_Verify_login_component -->
  <system-out/>
  <testcase classname="freedodomain.appium_0" name="TC_008_Verify_login_functionality_Register_mo_number" time="0.000">
    <skipped/>
  </testcase> <!-- TC_008_Verify_login_functionality_Register_mo_number -->
  <system-out/>
  <testcase classname="freedodomain.appium_0" name="TC_009_verify_login_button_on_create_an_account_page" time="0.000">
    <skipped/>
  </testcase> <!-- TC_009_verify_login_button_on_create_an_account_page -->
  <system-out/>
  <testcase classname="freedodomain.appium_0" name="TC_0010_verify_create_an_account_by_clicking_login_page" time="0.000">
    <skipped/>
  </testcase> <!-- TC_0010_verify_create_an_account_by_clicking_login_page -->
  <system-out/>
  <testcase classname="freedodomain.appium_0" name="TC_0011_verify_user_able_to_create_an_account" time="0.000">
    <skipped/>
  </testcase> <!-- TC_0011_verify_user_able_to_create_an_account -->
  <system-out/>
  <testcase classname="freedodomain.appium_0" name="TC_0012_verify_Terms_and_condition_link_on_create_an_account_page" time="0.000">
    <skipped/>
  </testcase> <!-- TC_0012_verify_Terms_and_condition_link_on_create_an_account_page -->
  <system-out/>
  <testcase classname="freedodomain.appium_0" name="TC_0013_verify_Privacy_and_policy_link_on_create_an_account_page" time="0.000">
    <skipped/>
  </testcase> <!-- TC_0013_verify_Privacy_and_policy_link_on_create_an_account_page -->
  <system-out/>
  <testcase classname="freedodomain.appium_0" name="TC_0014_verify_Privacy_policy_under_Privacy_policy_dropdown_all_element" time="0.000">
    <skipped/>
  </testcase> <!-- TC_0014_verify_Privacy_policy_under_Privacy_policy_dropdown_all_element -->
  <system-out/>
  <testcase classname="freedodomain.appium_0" name="TC_0015_Verify_create_my_account_button" time="0.000">
    <skipped/>
  </testcase> <!-- TC_0015_Verify_create_my_account_button -->
  <system-out/>
  <testcase classname="freedodomain.appium_0" name="TC_0016_Verify_otp_verification_time_slot" time="0.000">
    <skipped/>
  </testcase> <!-- TC_0016_Verify_otp_verification_time_slot -->
  <system-out/>
  <testcase classname="freedodomain.appium_0" name="TC_0017_Verify_OTP_Verification_Page" time="0.000">
    <skipped/>
  </testcase> <!-- TC_0017_Verify_OTP_Verification_Page -->
  <system-out/>
  <testcase classname="freedodomain.appium_0" name="TC_0018_Select_location" time="0.000">
    <skipped/>
  </testcase> <!-- TC_0018_Select_location -->
  <system-out/>
  <testcase classname="freedodomain.appium_0" name="TC_0019_verify_user_select_City" time="0.000">
    <skipped/>
  </testcase> <!-- TC_0019_verify_user_select_City -->
  <system-out/>
  <testcase classname="freedodomain.appium_0" name="TC_0020_Search_wrong_city_name" time="0.000">
    <skipped/>
  </testcase> <!-- TC_0020_Search_wrong_city_name -->
  <system-out/>
  <testcase classname="freedodomain.appium_0" name="TC_0021_Search_city_name" time="0.000">
    <skipped/>
  </testcase> <!-- TC_0021_Search_city_name -->
  <system-out/>
  <testcase classname="freedodomain.appium_0" name="TC_0022_Select_all__City" time="0.000">
    <skipped/>
  </testcase> <!-- TC_0022_Select_all__City -->
  <system-out/>
  <testcase classname="freedodomain.appium_0" name="TC_0023_Verify_location_popup" time="0.000">
    <skipped/>
  </testcase> <!-- TC_0023_Verify_location_popup -->
  <system-out/>
</testsuite> <!-- freedodomain.appium_0 -->
